2015-08-20 12:02:40 -  - exec CUpdateClientPartner::GetUpdatesList
2015-08-20 12:02:40 -  - exec CUpdateClientPartner::__CollectRequestData
2015-08-20 12:02:40 -  - utf=Y&lang=ru&stable=Y&CANGZIP=Y&SUPD_DBS=MYSQL&XE=N&CLIENT_SITE=localhost&LICENSE_KEY=X&SUPD_STS=1&SUPD_URS=0&SUPD_URSA=2&TYPENC=E&CLIENT_PHPVER=5.6.10-1%2Bdeb.sury.org%7Eprecise%2B1&dbv=5.5.44&instm=main%2C15.5.1%2CN%3Bbizproc%2C15.5.0%2CN%3Bsender%2C15.5.2%2CN%3Bcalendar%2C15.5.0%2CN%3Bforum%2C15.5.0%2CN%3Btranslate%2C14.0.0%2CN%3Bcompression%2C14.0.0%2CN%3Bim%2C15.5.7%2CN%3Bpull%2C15.5.4%2CN%3Bsearch%2C15.5.0%2CN%3Bphotogallery%2C15.0.0%2CN%3Bwebservice%2C11.5.0%2CN%3Bsupport%2C14.5.1%2CN%3Bfileman%2C15.5.1%2CN%3Bperfmon%2C15.5.0%2CN%3Bwiki%2C15.5.0%2CN%3Badvertising%2C15.5.1%2CN%3Bhighloadblock%2C15.0.4%2CN%3Bsecurity%2C15.5.2%2CN%3Bvote%2C15.5.0%2CN%3Blearning%2C15.5.0%2CN%3Bbitrix.sitepersonal%2C15.0.0%2CN%3Bbitrixcloud%2C15.5.0%2CN%3Bclouds%2C15.5.0%2CN%3Bsocialservices%2C15.5.1%2CN%3Bsocialnetwork%2C15.5.1%2CN%3Bsubscribe%2C15.0.2%2CN%3Bbitrix.sitecorporate%2C15.0.0%2CN%3Bidea%2C15.0.1%2CN%3Bstatistic%2C15.0.1%2CN%3Bmobileapp%2C15.0.5%2CN%3Biblock%2C15.5.4%2CN%3Bconversion%2C15.5.4%2CN%3Babtest%2C15.5.3%2CN%3Bcurrency%2C15.5.0%2CN%3Bscale%2C14.5.2%2CN%3Bbitrix.sitecommunity%2C15.0.0%2CN%3Bmail%2C15.0.4%2CN%3Bblog%2C15.5.0%2CN%3Bform%2C15.0.1%2CN%3Bbitrix.siteinfoportal%2C15.0.0%2CN%3Bseo%2C15.5.4%2CN&reqm=bitrix.sitepersonal%2Cbitrix.sitecorporate%2Cbitrix.sitecommunity%2Cbitrix.siteinfoportal%2Chmweb.medialibraryslider&SUPD_SRS=RU&SUPD_CMP=N
2015-08-20 12:02:40 -  - exec CUpdateClientPartner::GetHTTPPage
2015-08-20 12:02:40 -  - TIME GetUpdatesList(request) 0.446 sec
2015-08-20 12:02:40 -  - exec CUpdateClientPartner::ParseServerData
2015-08-20 12:04:04 -  - exec CUpdateClientPartner::GetUpdatesList
2015-08-20 12:04:04 -  - exec CUpdateClientPartner::__CollectRequestData
2015-08-20 12:04:04 -  - utf=Y&lang=ru&stable=Y&CANGZIP=Y&SUPD_DBS=MYSQL&XE=N&CLIENT_SITE=localhost&LICENSE_KEY=X&SUPD_STS=1&SUPD_URS=0&SUPD_URSA=2&TYPENC=E&CLIENT_PHPVER=5.6.10-1%2Bdeb.sury.org%7Eprecise%2B1&dbv=5.5.44&instm=main%2C15.5.1%2CN%3Bbizproc%2C15.5.0%2CN%3Bsender%2C15.5.2%2CN%3Bcalendar%2C15.5.0%2CN%3Bforum%2C15.5.0%2CN%3Btranslate%2C14.0.0%2CN%3Bcompression%2C14.0.0%2CN%3Bim%2C15.5.7%2CN%3Bpull%2C15.5.4%2CN%3Bsearch%2C15.5.0%2CN%3Bphotogallery%2C15.0.0%2CN%3Bwebservice%2C11.5.0%2CN%3Bsupport%2C14.5.1%2CN%3Bfileman%2C15.5.1%2CN%3Bperfmon%2C15.5.0%2CN%3Bwiki%2C15.5.0%2CN%3Badvertising%2C15.5.1%2CN%3Bhighloadblock%2C15.0.4%2CN%3Bsecurity%2C15.5.2%2CN%3Bvote%2C15.5.0%2CN%3Blearning%2C15.5.0%2CN%3Bbitrix.sitepersonal%2C15.0.0%2CN%3Bbitrixcloud%2C15.5.0%2CN%3Bclouds%2C15.5.0%2CN%3Bsocialservices%2C15.5.1%2CN%3Bsocialnetwork%2C15.5.1%2CN%3Bsubscribe%2C15.0.2%2CN%3Bbitrix.sitecorporate%2C15.0.0%2CN%3Bidea%2C15.0.1%2CN%3Bstatistic%2C15.0.1%2CN%3Bmobileapp%2C15.0.5%2CN%3Biblock%2C15.5.4%2CN%3Bconversion%2C15.5.4%2CN%3Babtest%2C15.5.3%2CN%3Bcurrency%2C15.5.0%2CN%3Bscale%2C14.5.2%2CN%3Bbitrix.sitecommunity%2C15.0.0%2CN%3Bmail%2C15.0.4%2CN%3Bblog%2C15.5.0%2CN%3Bform%2C15.0.1%2CN%3Bbitrix.siteinfoportal%2C15.0.0%2CN%3Bseo%2C15.5.4%2CN&reqm=bitrix.sitepersonal%2Cbitrix.sitecorporate%2Cbitrix.sitecommunity%2Cbitrix.siteinfoportal&fullmoduleinfo=Y&SUPD_SRS=RU&SUPD_CMP=N
2015-08-20 12:04:04 -  - exec CUpdateClientPartner::GetHTTPPage
2015-08-20 12:04:04 -  - TIME GetUpdatesList(request) 0.387 sec
2015-08-20 12:04:04 -  - exec CUpdateClientPartner::ParseServerData
2015-08-20 14:55:47 -  - exec CUpdateClientPartner::GetUpdatesList
2015-08-20 14:55:47 -  - exec CUpdateClientPartner::__CollectRequestData
2015-08-20 14:55:47 -  - utf=Y&lang=ru&stable=Y&CANGZIP=Y&SUPD_DBS=MYSQL&XE=N&CLIENT_SITE=localhost&LICENSE_KEY=X&SUPD_STS=1&SUPD_URS=0&SUPD_URSA=2&TYPENC=E&CLIENT_PHPVER=5.6.10-1%2Bdeb.sury.org%7Eprecise%2B1&dbv=5.5.44&instm=main%2C15.5.1%2CN%3Bbizproc%2C15.5.0%2CN%3Bsender%2C15.5.2%2CN%3Bcalendar%2C15.5.0%2CN%3Bforum%2C15.5.0%2CN%3Btranslate%2C14.0.0%2CN%3Bcompression%2C14.0.0%2CN%3Bim%2C15.5.7%2CN%3Bpull%2C15.5.4%2CN%3Bsearch%2C15.5.0%2CN%3Bphotogallery%2C15.0.0%2CN%3Bwebservice%2C11.5.0%2CN%3Bsupport%2C14.5.1%2CN%3Bfileman%2C15.5.1%2CN%3Bperfmon%2C15.5.0%2CN%3Bwiki%2C15.5.0%2CN%3Badvertising%2C15.5.1%2CN%3Bhighloadblock%2C15.0.4%2CN%3Bsecurity%2C15.5.2%2CN%3Bvote%2C15.5.0%2CN%3Blearning%2C15.5.0%2CN%3Bbitrix.sitepersonal%2C15.0.0%2CN%3Bbitrixcloud%2C15.5.0%2CN%3Bclouds%2C15.5.0%2CN%3Bsocialservices%2C15.5.1%2CN%3Bsocialnetwork%2C15.5.1%2CN%3Bsubscribe%2C15.0.2%2CN%3Bbitrix.sitecorporate%2C15.0.0%2CN%3Bidea%2C15.0.1%2CN%3Bstatistic%2C15.0.1%2CN%3Bmobileapp%2C15.0.5%2CN%3Biblock%2C15.5.4%2CN%3Bconversion%2C15.5.4%2CN%3Babtest%2C15.5.3%2CN%3Bcurrency%2C15.5.0%2CN%3Bscale%2C14.5.2%2CN%3Bbitrix.sitecommunity%2C15.0.0%2CN%3Bmail%2C15.0.4%2CN%3Bblog%2C15.5.0%2CN%3Bform%2C15.0.1%2CN%3Bbitrix.siteinfoportal%2C15.0.0%2CN%3Bseo%2C15.5.4%2CN&reqm=bitrix.sitepersonal%2Cbitrix.sitecorporate%2Cbitrix.sitecommunity%2Cbitrix.siteinfoportal&fullmoduleinfo=Y&SUPD_SRS=RU&SUPD_CMP=N
2015-08-20 14:55:47 -  - exec CUpdateClientPartner::GetHTTPPage
2015-08-20 14:55:48 -  - TIME GetUpdatesList(request) 0.376 sec
2015-08-20 14:55:48 -  - exec CUpdateClientPartner::ParseServerData
2015-08-20 15:02:02 -  - exec CUpdateClientPartner::GetUpdatesList
2015-08-20 15:02:02 -  - exec CUpdateClientPartner::__CollectRequestData
2015-08-20 15:02:03 -  - utf=Y&lang=ru&stable=Y&CANGZIP=Y&SUPD_DBS=MYSQL&XE=N&CLIENT_SITE=localhost&LICENSE_KEY=X&SUPD_STS=1&SUPD_URS=0&SUPD_URSA=2&TYPENC=E&CLIENT_PHPVER=5.6.10-1%2Bdeb.sury.org%7Eprecise%2B1&dbv=5.5.44&instm=main%2C15.5.1%2CN%3Bbizproc%2C15.5.0%2CN%3Bsender%2C15.5.2%2CN%3Bcalendar%2C15.5.0%2CN%3Bforum%2C15.5.0%2CN%3Btranslate%2C14.0.0%2CN%3Bcompression%2C14.0.0%2CN%3Bim%2C15.5.7%2CN%3Bpull%2C15.5.4%2CN%3Bsearch%2C15.5.0%2CN%3Bphotogallery%2C15.0.0%2CN%3Bwebservice%2C11.5.0%2CN%3Bsupport%2C14.5.1%2CN%3Bfileman%2C15.5.1%2CN%3Bperfmon%2C15.5.0%2CN%3Bwiki%2C15.5.0%2CN%3Badvertising%2C15.5.1%2CN%3Bhighloadblock%2C15.0.4%2CN%3Bsecurity%2C15.5.2%2CN%3Bvote%2C15.5.0%2CN%3Blearning%2C15.5.0%2CN%3Bbitrix.sitepersonal%2C15.0.0%2CN%3Bbitrixcloud%2C15.5.0%2CN%3Bclouds%2C15.5.0%2CN%3Bsocialservices%2C15.5.1%2CN%3Bsocialnetwork%2C15.5.1%2CN%3Bsubscribe%2C15.0.2%2CN%3Bbitrix.sitecorporate%2C15.0.0%2CN%3Bidea%2C15.0.1%2CN%3Bstatistic%2C15.0.1%2CN%3Bmobileapp%2C15.0.5%2CN%3Biblock%2C15.5.4%2CN%3Bconversion%2C15.5.4%2CN%3Babtest%2C15.5.3%2CN%3Bcurrency%2C15.5.0%2CN%3Bscale%2C14.5.2%2CN%3Bbitrix.sitecommunity%2C15.0.0%2CN%3Bmail%2C15.0.4%2CN%3Bblog%2C15.5.0%2CN%3Bform%2C15.0.1%2CN%3Bbitrix.siteinfoportal%2C15.0.0%2CN%3Bseo%2C15.5.4%2CN&reqm=bitrix.sitepersonal%2Cbitrix.sitecorporate%2Cbitrix.sitecommunity%2Cbitrix.siteinfoportal%2Chmweb.medialibraryslider&SUPD_SRS=RU&SUPD_CMP=N
2015-08-20 15:02:03 -  - exec CUpdateClientPartner::GetHTTPPage
2015-08-20 15:02:03 -  - TIME GetUpdatesList(request) 0.539 sec
2015-08-20 15:02:03 -  - exec CUpdateClientPartner::ParseServerData
2015-08-20 15:02:18 -  - exec CUpdateClientPartner::LoadModulesUpdates
2015-08-20 15:02:18 -  - exec CUpdateClientPartner::__CollectRequestData
2015-08-20 15:02:18 -  - utf=Y&lang=ru&stable=Y&CANGZIP=Y&SUPD_DBS=MYSQL&XE=N&CLIENT_SITE=localhost&LICENSE_KEY=X&SUPD_STS=1&SUPD_URS=0&SUPD_URSA=2&TYPENC=E&CLIENT_PHPVER=5.6.10-1%2Bdeb.sury.org%7Eprecise%2B1&dbv=5.5.44&instm=main%2C15.5.1%2CN%3Bbizproc%2C15.5.0%2CN%3Bsender%2C15.5.2%2CN%3Bcalendar%2C15.5.0%2CN%3Bforum%2C15.5.0%2CN%3Btranslate%2C14.0.0%2CN%3Bcompression%2C14.0.0%2CN%3Bim%2C15.5.7%2CN%3Bpull%2C15.5.4%2CN%3Bsearch%2C15.5.0%2CN%3Bphotogallery%2C15.0.0%2CN%3Bwebservice%2C11.5.0%2CN%3Bsupport%2C14.5.1%2CN%3Bfileman%2C15.5.1%2CN%3Bperfmon%2C15.5.0%2CN%3Bwiki%2C15.5.0%2CN%3Badvertising%2C15.5.1%2CN%3Bhighloadblock%2C15.0.4%2CN%3Bsecurity%2C15.5.2%2CN%3Bvote%2C15.5.0%2CN%3Blearning%2C15.5.0%2CN%3Bbitrix.sitepersonal%2C15.0.0%2CN%3Bbitrixcloud%2C15.5.0%2CN%3Bclouds%2C15.5.0%2CN%3Bsocialservices%2C15.5.1%2CN%3Bsocialnetwork%2C15.5.1%2CN%3Bsubscribe%2C15.0.2%2CN%3Bbitrix.sitecorporate%2C15.0.0%2CN%3Bidea%2C15.0.1%2CN%3Bstatistic%2C15.0.1%2CN%3Bmobileapp%2C15.0.5%2CN%3Biblock%2C15.5.4%2CN%3Bconversion%2C15.5.4%2CN%3Babtest%2C15.5.3%2CN%3Bcurrency%2C15.5.0%2CN%3Bscale%2C14.5.2%2CN%3Bbitrix.sitecommunity%2C15.0.0%2CN%3Bmail%2C15.0.4%2CN%3Bblog%2C15.5.0%2CN%3Bform%2C15.0.1%2CN%3Bbitrix.siteinfoportal%2C15.0.0%2CN%3Bseo%2C15.5.4%2CN&reqm=hmweb.medialibraryslider&lim=Y&SUPD_SRS=RU&SUPD_CMP=N
2015-08-20 15:02:18 -  - exec CUpdateClientPartner::GetHTTPPage
2015-08-20 15:02:19 -  - TIME LoadModulesUpdates(request) 0.384 sec
2015-08-20 15:02:19 -  - exec CUpdateClientPartner::ParseServerData
2015-08-20 15:02:19 - LMU01 - LoadModulesUpdates-Step
2015-08-20 15:02:20 -  - exec CUpdateClientPartner::LoadModulesUpdates
2015-08-20 15:02:20 -  - exec CUpdateClientPartner::__CollectRequestData
2015-08-20 15:02:21 -  - exec CUpdateClientPartner::ParseServerData
2015-08-20 15:02:21 - DOWNLOAD - Time - 0.72576308250427 sec
2015-08-20 15:02:21 -  - exec CUpdateClientPartner::UnGzipArchive
2015-08-20 15:02:21 -  - TIME UnGzipArchive 0.043 sec
2015-08-20 15:02:21 -  - TIME UpdateStepModules 0.03 sec
2015-08-20 15:02:21 - UPD_SUCCESS - Updated: hmweb.medialibraryslider
2015-08-20 15:02:23 -  - exec CUpdateClientPartner::LoadModulesUpdates
2015-08-20 15:02:23 -  - exec CUpdateClientPartner::__CollectRequestData
2015-08-20 15:02:24 -  - utf=Y&lang=ru&stable=Y&CANGZIP=Y&SUPD_DBS=MYSQL&XE=N&CLIENT_SITE=localhost&LICENSE_KEY=X&SUPD_STS=1&SUPD_URS=0&SUPD_URSA=2&TYPENC=E&CLIENT_PHPVER=5.6.10-1%2Bdeb.sury.org%7Eprecise%2B1&dbv=5.5.44&instm=main%2C15.5.1%2CN%3Bbizproc%2C15.5.0%2CN%3Bsender%2C15.5.2%2CN%3Bcalendar%2C15.5.0%2CN%3Bforum%2C15.5.0%2CN%3Btranslate%2C14.0.0%2CN%3Bcompression%2C14.0.0%2CN%3Bim%2C15.5.7%2CN%3Bpull%2C15.5.4%2CN%3Bsearch%2C15.5.0%2CN%3Bphotogallery%2C15.0.0%2CN%3Bwebservice%2C11.5.0%2CN%3Bsupport%2C14.5.1%2CN%3Bfileman%2C15.5.1%2CN%3Bperfmon%2C15.5.0%2CN%3Bwiki%2C15.5.0%2CN%3Badvertising%2C15.5.1%2CN%3Bhmweb.medialibraryslider%2C1.0.0%2CN%3Bhighloadblock%2C15.0.4%2CN%3Bsecurity%2C15.5.2%2CN%3Bvote%2C15.5.0%2CN%3Blearning%2C15.5.0%2CN%3Bbitrix.sitepersonal%2C15.0.0%2CN%3Bbitrixcloud%2C15.5.0%2CN%3Bclouds%2C15.5.0%2CN%3Bsocialservices%2C15.5.1%2CN%3Bsocialnetwork%2C15.5.1%2CN%3Bsubscribe%2C15.0.2%2CN%3Bbitrix.sitecorporate%2C15.0.0%2CN%3Bidea%2C15.0.1%2CN%3Bstatistic%2C15.0.1%2CN%3Bmobileapp%2C15.0.5%2CN%3Biblock%2C15.5.4%2CN%3Bconversion%2C15.5.4%2CN%3Babtest%2C15.5.3%2CN%3Bcurrency%2C15.5.0%2CN%3Bscale%2C14.5.2%2CN%3Bbitrix.sitecommunity%2C15.0.0%2CN%3Bmail%2C15.0.4%2CN%3Bblog%2C15.5.0%2CN%3Bform%2C15.0.1%2CN%3Bbitrix.siteinfoportal%2C15.0.0%2CN%3Bseo%2C15.5.4%2CN&reqm=hmweb.medialibraryslider&lim=Y&SUPD_SRS=RU&SUPD_CMP=N
2015-08-20 15:02:24 -  - exec CUpdateClientPartner::GetHTTPPage
2015-08-20 15:02:24 -  - TIME LoadModulesUpdates(request) 0.314 sec
2015-08-20 15:02:24 -  - exec CUpdateClientPartner::ParseServerData
2015-08-20 15:02:24 - LMU01 - LoadModulesUpdates-Step
2015-08-20 15:02:26 -  - exec CUpdateClientPartner::LoadModulesUpdates
2015-08-20 15:02:26 -  - exec CUpdateClientPartner::__CollectRequestData
2015-08-20 15:02:26 -  - exec CUpdateClientPartner::ParseServerData
2015-08-20 15:02:26 - DOWNLOAD - Time - 0.54722595214844 sec
2015-08-20 15:02:26 -  - exec CUpdateClientPartner::UnGzipArchive
2015-08-20 15:02:26 -  - TIME UnGzipArchive 0.023 sec
2015-08-20 15:02:26 - CSURUS1 - Run updater '/bitrix/updates/update_m1440072146/hmweb.medialibraryslider/updater1.0.1.php'
2015-08-20 15:02:26 -  - TIME UpdateStepModules 0.007 sec
2015-08-20 15:02:27 - UPD_SUCCESS - Updated: hmweb.medialibraryslider (1.0.1)<br>* Исправлена проблема с preview при использование CDN<br> * Изображения центрируются<br> * Исправлены описания настроек
2015-08-20 15:02:29 -  - exec CUpdateClientPartner::LoadModulesUpdates
2015-08-20 15:02:29 -  - exec CUpdateClientPartner::__CollectRequestData
2015-08-20 15:02:29 -  - utf=Y&lang=ru&stable=Y&CANGZIP=Y&SUPD_DBS=MYSQL&XE=N&CLIENT_SITE=localhost&LICENSE_KEY=X&SUPD_STS=1&SUPD_URS=0&SUPD_URSA=2&TYPENC=E&CLIENT_PHPVER=5.6.10-1%2Bdeb.sury.org%7Eprecise%2B1&dbv=5.5.44&instm=main%2C15.5.1%2CN%3Bbizproc%2C15.5.0%2CN%3Bsender%2C15.5.2%2CN%3Bcalendar%2C15.5.0%2CN%3Bforum%2C15.5.0%2CN%3Btranslate%2C14.0.0%2CN%3Bcompression%2C14.0.0%2CN%3Bim%2C15.5.7%2CN%3Bpull%2C15.5.4%2CN%3Bsearch%2C15.5.0%2CN%3Bphotogallery%2C15.0.0%2CN%3Bwebservice%2C11.5.0%2CN%3Bsupport%2C14.5.1%2CN%3Bfileman%2C15.5.1%2CN%3Bperfmon%2C15.5.0%2CN%3Bwiki%2C15.5.0%2CN%3Badvertising%2C15.5.1%2CN%3Bhmweb.medialibraryslider%2C1.0.1%2CN%3Bhighloadblock%2C15.0.4%2CN%3Bsecurity%2C15.5.2%2CN%3Bvote%2C15.5.0%2CN%3Blearning%2C15.5.0%2CN%3Bbitrix.sitepersonal%2C15.0.0%2CN%3Bbitrixcloud%2C15.5.0%2CN%3Bclouds%2C15.5.0%2CN%3Bsocialservices%2C15.5.1%2CN%3Bsocialnetwork%2C15.5.1%2CN%3Bsubscribe%2C15.0.2%2CN%3Bbitrix.sitecorporate%2C15.0.0%2CN%3Bidea%2C15.0.1%2CN%3Bstatistic%2C15.0.1%2CN%3Bmobileapp%2C15.0.5%2CN%3Biblock%2C15.5.4%2CN%3Bconversion%2C15.5.4%2CN%3Babtest%2C15.5.3%2CN%3Bcurrency%2C15.5.0%2CN%3Bscale%2C14.5.2%2CN%3Bbitrix.sitecommunity%2C15.0.0%2CN%3Bmail%2C15.0.4%2CN%3Bblog%2C15.5.0%2CN%3Bform%2C15.0.1%2CN%3Bbitrix.siteinfoportal%2C15.0.0%2CN%3Bseo%2C15.5.4%2CN&reqm=hmweb.medialibraryslider&lim=Y&SUPD_SRS=RU&SUPD_CMP=N
2015-08-20 15:02:29 -  - exec CUpdateClientPartner::GetHTTPPage
2015-08-20 15:02:29 -  - TIME LoadModulesUpdates(request) 0.389 sec
2015-08-20 15:02:29 -  - exec CUpdateClientPartner::ParseServerData
2015-08-20 15:02:29 - STEP - Finish - NOUPDATES
2015-08-20 15:02:29 - STEP - Finish - NOUPDATES
2015-08-20 15:04:05 -  - exec CUpdateClientPartner::GetUpdatesList
2015-08-20 15:04:05 -  - exec CUpdateClientPartner::__CollectRequestData
2015-08-20 15:04:05 -  - utf=Y&lang=ru&stable=Y&CANGZIP=Y&SUPD_DBS=MYSQL&XE=N&CLIENT_SITE=localhost&LICENSE_KEY=X&SUPD_STS=1&SUPD_URS=0&SUPD_URSA=2&TYPENC=E&CLIENT_PHPVER=5.6.10-1%2Bdeb.sury.org%7Eprecise%2B1&dbv=5.5.44&instm=main%2C15.5.1%2CN%3Bbizproc%2C15.5.0%2CN%3Bsender%2C15.5.2%2CN%3Bcalendar%2C15.5.0%2CN%3Bforum%2C15.5.0%2CN%3Btranslate%2C14.0.0%2CN%3Bcompression%2C14.0.0%2CN%3Bim%2C15.5.7%2CN%3Bpull%2C15.5.4%2CN%3Bsearch%2C15.5.0%2CN%3Bphotogallery%2C15.0.0%2CN%3Bwebservice%2C11.5.0%2CN%3Bsupport%2C14.5.1%2CN%3Bfileman%2C15.5.1%2CN%3Bperfmon%2C15.5.0%2CN%3Bwiki%2C15.5.0%2CN%3Badvertising%2C15.5.1%2CN%3Bhmweb.medialibraryslider%2C1.0.1%2CN%3Bhighloadblock%2C15.0.4%2CN%3Bsecurity%2C15.5.2%2CN%3Bvote%2C15.5.0%2CN%3Blearning%2C15.5.0%2CN%3Bbitrix.sitepersonal%2C15.0.0%2CN%3Bbitrixcloud%2C15.5.0%2CN%3Bclouds%2C15.5.0%2CN%3Bsocialservices%2C15.5.1%2CN%3Bsocialnetwork%2C15.5.1%2CN%3Bsubscribe%2C15.0.2%2CN%3Bbitrix.sitecorporate%2C15.0.0%2CN%3Bidea%2C15.0.1%2CN%3Bstatistic%2C15.0.1%2CN%3Bmobileapp%2C15.0.5%2CN%3Biblock%2C15.5.4%2CN%3Bconversion%2C15.5.4%2CN%3Babtest%2C15.5.3%2CN%3Bcurrency%2C15.5.0%2CN%3Bscale%2C14.5.2%2CN%3Bbitrix.sitecommunity%2C15.0.0%2CN%3Bmail%2C15.0.4%2CN%3Bblog%2C15.5.0%2CN%3Bform%2C15.0.1%2CN%3Bbitrix.siteinfoportal%2C15.0.0%2CN%3Bseo%2C15.5.4%2CN&reqm=hmweb.medialibraryslider%2Cbitrix.sitepersonal%2Cbitrix.sitecorporate%2Cbitrix.sitecommunity%2Cbitrix.siteinfoportal&fullmoduleinfo=Y&SUPD_SRS=RU&SUPD_CMP=N
2015-08-20 15:04:05 -  - exec CUpdateClientPartner::GetHTTPPage
2015-08-20 15:04:05 -  - TIME GetUpdatesList(request) 0.35 sec
2015-08-20 15:04:05 -  - exec CUpdateClientPartner::ParseServerData
2015-08-20 15:04:09 -  - exec CUpdateClientPartner::GetUpdatesList
2015-08-20 15:04:09 -  - exec CUpdateClientPartner::__CollectRequestData
2015-08-20 15:04:09 -  - utf=Y&lang=ru&stable=Y&CANGZIP=Y&SUPD_DBS=MYSQL&XE=N&CLIENT_SITE=localhost&LICENSE_KEY=X&SUPD_STS=1&SUPD_URS=0&SUPD_URSA=2&TYPENC=E&CLIENT_PHPVER=5.6.10-1%2Bdeb.sury.org%7Eprecise%2B1&dbv=5.5.44&instm=main%2C15.5.1%2CN%3Bbizproc%2C15.5.0%2CN%3Bsender%2C15.5.2%2CN%3Bcalendar%2C15.5.0%2CN%3Bforum%2C15.5.0%2CN%3Btranslate%2C14.0.0%2CN%3Bcompression%2C14.0.0%2CN%3Bim%2C15.5.7%2CN%3Bpull%2C15.5.4%2CN%3Bsearch%2C15.5.0%2CN%3Bphotogallery%2C15.0.0%2CN%3Bwebservice%2C11.5.0%2CN%3Bsupport%2C14.5.1%2CN%3Bfileman%2C15.5.1%2CN%3Bperfmon%2C15.5.0%2CN%3Bwiki%2C15.5.0%2CN%3Badvertising%2C15.5.1%2CN%3Bhmweb.medialibraryslider%2C1.0.1%2CN%3Bhighloadblock%2C15.0.4%2CN%3Bsecurity%2C15.5.2%2CN%3Bvote%2C15.5.0%2CN%3Blearning%2C15.5.0%2CN%3Bbitrix.sitepersonal%2C15.0.0%2CN%3Bbitrixcloud%2C15.5.0%2CN%3Bclouds%2C15.5.0%2CN%3Bsocialservices%2C15.5.1%2CN%3Bsocialnetwork%2C15.5.1%2CN%3Bsubscribe%2C15.0.2%2CN%3Bbitrix.sitecorporate%2C15.0.0%2CN%3Bidea%2C15.0.1%2CN%3Bstatistic%2C15.0.1%2CN%3Bmobileapp%2C15.0.5%2CN%3Biblock%2C15.5.4%2CN%3Bconversion%2C15.5.4%2CN%3Babtest%2C15.5.3%2CN%3Bcurrency%2C15.5.0%2CN%3Bscale%2C14.5.2%2CN%3Bbitrix.sitecommunity%2C15.0.0%2CN%3Bmail%2C15.0.4%2CN%3Bblog%2C15.5.0%2CN%3Bform%2C15.0.1%2CN%3Bbitrix.siteinfoportal%2C15.0.0%2CN%3Bseo%2C15.5.4%2CN&reqm=hmweb.medialibraryslider%2Cbitrix.sitepersonal%2Cbitrix.sitecorporate%2Cbitrix.sitecommunity%2Cbitrix.siteinfoportal&fullmoduleinfo=Y&SUPD_SRS=RU&SUPD_CMP=N
2015-08-20 15:04:09 -  - exec CUpdateClientPartner::GetHTTPPage
2015-08-20 15:04:09 -  - TIME GetUpdatesList(request) 0.338 sec
2015-08-20 15:04:09 -  - exec CUpdateClientPartner::ParseServerData
2015-08-20 15:13:02 -  - exec CUpdateClientPartner::GetUpdatesList
2015-08-20 15:13:02 -  - exec CUpdateClientPartner::__CollectRequestData
2015-08-20 15:13:02 -  - utf=Y&lang=ru&stable=Y&CANGZIP=Y&SUPD_DBS=MYSQL&XE=N&CLIENT_SITE=localhost&LICENSE_KEY=X&SUPD_STS=1&SUPD_URS=0&SUPD_URSA=2&TYPENC=E&CLIENT_PHPVER=5.6.10-1%2Bdeb.sury.org%7Eprecise%2B1&dbv=5.5.44&instm=main%2C15.5.1%2CN%3Bbizproc%2C15.5.0%2CN%3Bsender%2C15.5.2%2CN%3Bcalendar%2C15.5.0%2CN%3Bforum%2C15.5.0%2CN%3Btranslate%2C14.0.0%2CN%3Bcompression%2C14.0.0%2CN%3Bim%2C15.5.7%2CN%3Bpull%2C15.5.4%2CN%3Bsearch%2C15.5.0%2CN%3Bphotogallery%2C15.0.0%2CN%3Bwebservice%2C11.5.0%2CN%3Bsupport%2C14.5.1%2CN%3Bfileman%2C15.5.1%2CN%3Bperfmon%2C15.5.0%2CN%3Bwiki%2C15.5.0%2CN%3Badvertising%2C15.5.1%2CN%3Bhmweb.medialibraryslider%2C1.0.1%2CN%3Bhighloadblock%2C15.0.4%2CN%3Bsecurity%2C15.5.2%2CN%3Bvote%2C15.5.0%2CN%3Blearning%2C15.5.0%2CN%3Bbitrix.sitepersonal%2C15.0.0%2CN%3Bbitrixcloud%2C15.5.0%2CN%3Bclouds%2C15.5.0%2CN%3Bsocialservices%2C15.5.1%2CN%3Bsocialnetwork%2C15.5.1%2CN%3Bsubscribe%2C15.0.2%2CN%3Bbitrix.sitecorporate%2C15.0.0%2CN%3Bidea%2C15.0.1%2CN%3Bstatistic%2C15.0.1%2CN%3Bmobileapp%2C15.0.5%2CN%3Biblock%2C15.5.4%2CN%3Bconversion%2C15.5.4%2CN%3Babtest%2C15.5.3%2CN%3Bcurrency%2C15.5.0%2CN%3Bscale%2C14.5.2%2CN%3Bbitrix.sitecommunity%2C15.0.0%2CN%3Bmail%2C15.0.4%2CN%3Bblog%2C15.5.0%2CN%3Bform%2C15.0.1%2CN%3Bbitrix.siteinfoportal%2C15.0.0%2CN%3Bseo%2C15.5.4%2CN&reqm=hmweb.medialibraryslider%2Cbitrix.sitepersonal%2Cbitrix.sitecorporate%2Cbitrix.sitecommunity%2Cbitrix.siteinfoportal&fullmoduleinfo=Y&SUPD_SRS=RU&SUPD_CMP=N
2015-08-20 15:13:02 -  - exec CUpdateClientPartner::GetHTTPPage
2015-08-20 15:13:03 -  - TIME GetUpdatesList(request) 0.489 sec
2015-08-20 15:13:03 -  - exec CUpdateClientPartner::ParseServerData
2015-08-20 15:26:04 -  - exec CUpdateClientPartner::GetUpdatesList
2015-08-20 15:26:04 -  - exec CUpdateClientPartner::__CollectRequestData
2015-08-20 15:26:04 -  - utf=Y&lang=ru&stable=Y&CANGZIP=Y&SUPD_DBS=MYSQL&XE=N&CLIENT_SITE=localhost&LICENSE_KEY=X&SUPD_STS=1&SUPD_URS=0&SUPD_URSA=2&TYPENC=E&CLIENT_PHPVER=5.6.10-1%2Bdeb.sury.org%7Eprecise%2B1&dbv=5.5.44&instm=main%2C15.5.1%2CN%3Bbizproc%2C15.5.0%2CN%3Bsender%2C15.5.2%2CN%3Bcalendar%2C15.5.0%2CN%3Bforum%2C15.5.0%2CN%3Btranslate%2C14.0.0%2CN%3Bcompression%2C14.0.0%2CN%3Bim%2C15.5.7%2CN%3Bpull%2C15.5.4%2CN%3Bsearch%2C15.5.0%2CN%3Bphotogallery%2C15.0.0%2CN%3Bwebservice%2C11.5.0%2CN%3Bsupport%2C14.5.1%2CN%3Bfileman%2C15.5.1%2CN%3Bperfmon%2C15.5.0%2CN%3Bwiki%2C15.5.0%2CN%3Badvertising%2C15.5.1%2CN%3Bhmweb.medialibraryslider%2C1.0.1%2CN%3Bhighloadblock%2C15.0.4%2CN%3Bsecurity%2C15.5.2%2CN%3Bvote%2C15.5.0%2CN%3Blearning%2C15.5.0%2CN%3Bbitrix.sitepersonal%2C15.0.0%2CN%3Bbitrixcloud%2C15.5.0%2CN%3Bclouds%2C15.5.0%2CN%3Bsocialservices%2C15.5.1%2CN%3Bsocialnetwork%2C15.5.1%2CN%3Bsubscribe%2C15.0.2%2CN%3Bbitrix.sitecorporate%2C15.0.0%2CN%3Bidea%2C15.0.1%2CN%3Bstatistic%2C15.0.1%2CN%3Bmobileapp%2C15.0.5%2CN%3Biblock%2C15.5.4%2CN%3Bconversion%2C15.5.4%2CN%3Babtest%2C15.5.3%2CN%3Bcurrency%2C15.5.0%2CN%3Bscale%2C14.5.2%2CN%3Bbitrix.sitecommunity%2C15.0.0%2CN%3Bmail%2C15.0.4%2CN%3Bblog%2C15.5.0%2CN%3Bform%2C15.0.1%2CN%3Bbitrix.siteinfoportal%2C15.0.0%2CN%3Bseo%2C15.5.4%2CN&reqm=hmweb.medialibraryslider%2Cbitrix.sitepersonal%2Cbitrix.sitecorporate%2Cbitrix.sitecommunity%2Cbitrix.siteinfoportal&fullmoduleinfo=Y&SUPD_SRS=RU&SUPD_CMP=N
2015-08-20 15:26:04 -  - exec CUpdateClientPartner::GetHTTPPage
2015-08-20 15:26:05 -  - TIME GetUpdatesList(request) 0.564 sec
2015-08-20 15:26:05 -  - exec CUpdateClientPartner::ParseServerData
2015-08-20 15:26:16 -  - exec CUpdateClientPartner::GetUpdatesList
2015-08-20 15:26:16 -  - exec CUpdateClientPartner::__CollectRequestData
2015-08-20 15:26:16 -  - utf=Y&lang=ru&stable=Y&CANGZIP=Y&SUPD_DBS=MYSQL&XE=N&CLIENT_SITE=localhost&LICENSE_KEY=X&SUPD_STS=1&SUPD_URS=0&SUPD_URSA=2&TYPENC=E&CLIENT_PHPVER=5.6.10-1%2Bdeb.sury.org%7Eprecise%2B1&dbv=5.5.44&instm=main%2C15.5.1%2CN%3Bbizproc%2C15.5.0%2CN%3Bsender%2C15.5.2%2CN%3Bcalendar%2C15.5.0%2CN%3Bforum%2C15.5.0%2CN%3Btranslate%2C14.0.0%2CN%3Bcompression%2C14.0.0%2CN%3Bim%2C15.5.7%2CN%3Bpull%2C15.5.4%2CN%3Bsearch%2C15.5.0%2CN%3Bphotogallery%2C15.0.0%2CN%3Bwebservice%2C11.5.0%2CN%3Bsupport%2C14.5.1%2CN%3Bfileman%2C15.5.1%2CN%3Bperfmon%2C15.5.0%2CN%3Bwiki%2C15.5.0%2CN%3Badvertising%2C15.5.1%2CN%3Bhmweb.medialibraryslider%2C1.0.1%2CN%3Bhighloadblock%2C15.0.4%2CN%3Bsecurity%2C15.5.2%2CN%3Bvote%2C15.5.0%2CN%3Blearning%2C15.5.0%2CN%3Bbitrix.sitepersonal%2C15.0.0%2CN%3Bbitrixcloud%2C15.5.0%2CN%3Bclouds%2C15.5.0%2CN%3Bsocialservices%2C15.5.1%2CN%3Bsocialnetwork%2C15.5.1%2CN%3Bsubscribe%2C15.0.2%2CN%3Bbitrix.sitecorporate%2C15.0.0%2CN%3Bidea%2C15.0.1%2CN%3Bstatistic%2C15.0.1%2CN%3Bmobileapp%2C15.0.5%2CN%3Biblock%2C15.5.4%2CN%3Bconversion%2C15.5.4%2CN%3Babtest%2C15.5.3%2CN%3Bcurrency%2C15.5.0%2CN%3Bscale%2C14.5.2%2CN%3Bbitrix.sitecommunity%2C15.0.0%2CN%3Bmail%2C15.0.4%2CN%3Bblog%2C15.5.0%2CN%3Bform%2C15.0.1%2CN%3Bbitrix.siteinfoportal%2C15.0.0%2CN%3Bseo%2C15.5.4%2CN&reqm=hmweb.medialibraryslider%2Cbitrix.sitepersonal%2Cbitrix.sitecorporate%2Cbitrix.sitecommunity%2Cbitrix.siteinfoportal&fullmoduleinfo=Y&SUPD_SRS=RU&SUPD_CMP=N
2015-08-20 15:26:16 -  - exec CUpdateClientPartner::GetHTTPPage
2015-08-20 15:26:17 -  - TIME GetUpdatesList(request) 0.432 sec
2015-08-20 15:26:17 -  - exec CUpdateClientPartner::ParseServerData
2015-08-20 15:26:21 -  - exec CUpdateClientPartner::GetUpdatesList
2015-08-20 15:26:21 -  - exec CUpdateClientPartner::__CollectRequestData
2015-08-20 15:26:21 -  - utf=Y&lang=ru&stable=Y&CANGZIP=Y&SUPD_DBS=MYSQL&XE=N&CLIENT_SITE=localhost&LICENSE_KEY=X&SUPD_STS=1&SUPD_URS=0&SUPD_URSA=2&TYPENC=E&CLIENT_PHPVER=5.6.10-1%2Bdeb.sury.org%7Eprecise%2B1&dbv=5.5.44&instm=main%2C15.5.1%2CN%3Bbizproc%2C15.5.0%2CN%3Bsender%2C15.5.2%2CN%3Bcalendar%2C15.5.0%2CN%3Bforum%2C15.5.0%2CN%3Btranslate%2C14.0.0%2CN%3Bcompression%2C14.0.0%2CN%3Bim%2C15.5.7%2CN%3Bpull%2C15.5.4%2CN%3Bsearch%2C15.5.0%2CN%3Bphotogallery%2C15.0.0%2CN%3Bwebservice%2C11.5.0%2CN%3Bsupport%2C14.5.1%2CN%3Bfileman%2C15.5.1%2CN%3Bperfmon%2C15.5.0%2CN%3Bwiki%2C15.5.0%2CN%3Badvertising%2C15.5.1%2CN%3Bhmweb.medialibraryslider%2C1.0.1%2CN%3Bhighloadblock%2C15.0.4%2CN%3Bsecurity%2C15.5.2%2CN%3Bvote%2C15.5.0%2CN%3Blearning%2C15.5.0%2CN%3Bbitrix.sitepersonal%2C15.0.0%2CN%3Bbitrixcloud%2C15.5.0%2CN%3Bclouds%2C15.5.0%2CN%3Bsocialservices%2C15.5.1%2CN%3Bsocialnetwork%2C15.5.1%2CN%3Bsubscribe%2C15.0.2%2CN%3Bbitrix.sitecorporate%2C15.0.0%2CN%3Bidea%2C15.0.1%2CN%3Bstatistic%2C15.0.1%2CN%3Bmobileapp%2C15.0.5%2CN%3Biblock%2C15.5.4%2CN%3Bconversion%2C15.5.4%2CN%3Babtest%2C15.5.3%2CN%3Bcurrency%2C15.5.0%2CN%3Bscale%2C14.5.2%2CN%3Bbitrix.sitecommunity%2C15.0.0%2CN%3Bmail%2C15.0.4%2CN%3Bblog%2C15.5.0%2CN%3Bform%2C15.0.1%2CN%3Bbitrix.siteinfoportal%2C15.0.0%2CN%3Bseo%2C15.5.4%2CN&reqm=hmweb.medialibraryslider%2Cbitrix.sitepersonal%2Cbitrix.sitecorporate%2Cbitrix.sitecommunity%2Cbitrix.siteinfoportal&fullmoduleinfo=Y&SUPD_SRS=RU&SUPD_CMP=N
2015-08-20 15:26:21 -  - exec CUpdateClientPartner::GetHTTPPage
2015-08-20 15:26:21 -  - TIME GetUpdatesList(request) 0.579 sec
2015-08-20 15:26:21 -  - exec CUpdateClientPartner::ParseServerData
2015-08-20 15:26:54 -  - exec CUpdateClientPartner::GetUpdatesList
2015-08-20 15:26:54 -  - exec CUpdateClientPartner::__CollectRequestData
2015-08-20 15:26:55 -  - utf=Y&lang=ru&stable=Y&CANGZIP=Y&SUPD_DBS=MYSQL&XE=N&CLIENT_SITE=localhost&LICENSE_KEY=X&SUPD_STS=1&SUPD_URS=0&SUPD_URSA=2&TYPENC=E&CLIENT_PHPVER=5.6.10-1%2Bdeb.sury.org%7Eprecise%2B1&dbv=5.5.44&instm=main%2C15.5.1%2CN%3Bbizproc%2C15.5.0%2CN%3Bsender%2C15.5.2%2CN%3Bcalendar%2C15.5.0%2CN%3Bforum%2C15.5.0%2CN%3Btranslate%2C14.0.0%2CN%3Bcompression%2C14.0.0%2CN%3Bim%2C15.5.7%2CN%3Bpull%2C15.5.4%2CN%3Bsearch%2C15.5.0%2CN%3Bphotogallery%2C15.0.0%2CN%3Bwebservice%2C11.5.0%2CN%3Bsupport%2C14.5.1%2CN%3Bfileman%2C15.5.1%2CN%3Bperfmon%2C15.5.0%2CN%3Bwiki%2C15.5.0%2CN%3Badvertising%2C15.5.1%2CN%3Bhmweb.medialibraryslider%2C1.0.1%2CN%3Bhighloadblock%2C15.0.4%2CN%3Bsecurity%2C15.5.2%2CN%3Bvote%2C15.5.0%2CN%3Blearning%2C15.5.0%2CN%3Bbitrix.sitepersonal%2C15.0.0%2CN%3Bbitrixcloud%2C15.5.0%2CN%3Bclouds%2C15.5.0%2CN%3Bsocialservices%2C15.5.1%2CN%3Bsocialnetwork%2C15.5.1%2CN%3Bsubscribe%2C15.0.2%2CN%3Bbitrix.sitecorporate%2C15.0.0%2CN%3Bidea%2C15.0.1%2CN%3Bstatistic%2C15.0.1%2CN%3Bmobileapp%2C15.0.5%2CN%3Biblock%2C15.5.4%2CN%3Bconversion%2C15.5.4%2CN%3Babtest%2C15.5.3%2CN%3Bcurrency%2C15.5.0%2CN%3Bscale%2C14.5.2%2CN%3Bbitrix.sitecommunity%2C15.0.0%2CN%3Bmail%2C15.0.4%2CN%3Bblog%2C15.5.0%2CN%3Bform%2C15.0.1%2CN%3Bbitrix.siteinfoportal%2C15.0.0%2CN%3Bseo%2C15.5.4%2CN&reqm=hmweb.medialibraryslider%2Cbitrix.sitepersonal%2Cbitrix.sitecorporate%2Cbitrix.sitecommunity%2Cbitrix.siteinfoportal&fullmoduleinfo=Y&SUPD_SRS=RU&SUPD_CMP=N
2015-08-20 15:26:55 -  - exec CUpdateClientPartner::GetHTTPPage
2015-08-20 15:26:55 -  - TIME GetUpdatesList(request) 0.332 sec
2015-08-20 15:26:55 -  - exec CUpdateClientPartner::ParseServerData
